c:\users\curtis\documents\visual studio 2015\projects\raytracingrenderer\raytracingrenderer\debug\vc140.pdb
c:\users\curtis\documents\visual studio 2015\projects\raytracingrenderer\raytracingrenderer\debug\vc140.idb
c:\users\curtis\documents\visual studio 2015\projects\raytracingrenderer\raytracingrenderer\debug\camera.obj
c:\users\curtis\documents\visual studio 2015\projects\raytracingrenderer\raytracingrenderer\debug\dynamicarray.obj
c:\users\curtis\documents\visual studio 2015\projects\raytracingrenderer\raytracingrenderer\debug\inputmanager.obj
c:\users\curtis\documents\visual studio 2015\projects\raytracingrenderer\raytracingrenderer\debug\lighting.obj
c:\users\curtis\documents\visual studio 2015\projects\raytracingrenderer\raytracingrenderer\debug\line.obj
c:\users\curtis\documents\visual studio 2015\projects\raytracingrenderer\raytracingrenderer\debug\matrix.obj
c:\users\curtis\documents\visual studio 2015\projects\raytracingrenderer\raytracingrenderer\debug\objreader.obj
c:\users\curtis\documents\visual studio 2015\projects\raytracingrenderer\raytracingrenderer\debug\point.obj
c:\users\curtis\documents\visual studio 2015\projects\raytracingrenderer\raytracingrenderer\debug\raytracer.obj
c:\users\curtis\documents\visual studio 2015\projects\raytracingrenderer\raytracingrenderer\debug\simpio.obj
c:\users\curtis\documents\visual studio 2015\projects\raytracingrenderer\raytracingrenderer\debug\stack.obj
c:\users\curtis\documents\visual studio 2015\projects\raytracingrenderer\raytracingrenderer\debug\utility.obj
c:\users\curtis\documents\visual studio 2015\projects\raytracingrenderer\raytracingrenderer\debug\vertex.obj
c:\users\curtis\documents\visual studio 2015\projects\raytracingrenderer\raytracingrenderer\debug\window.obj
c:\users\curtis\documents\visual studio 2015\projects\raytracingrenderer\raytracingrenderer\debug\zbuffer.obj
c:\users\curtis\documents\visual studio 2015\projects\raytracingrenderer\raytracingrenderer\debug\clip.obj
c:\users\curtis\documents\visual studio 2015\projects\raytracingrenderer\raytracingrenderer\debug\frameratelimiter.obj
c:\users\curtis\documents\visual studio 2015\projects\raytracingrenderer\raytracingrenderer\debug\renderer.obj
c:\users\curtis\documents\visual studio 2015\projects\raytracingrenderer\raytracingrenderer\debug\main.obj
c:\users\curtis\documents\visual studio 2015\projects\raytracingrenderer\debug\raytracingrenderer.ilk
c:\users\curtis\documents\visual studio 2015\projects\raytracingrenderer\debug\raytracingrenderer.exe
c:\users\curtis\documents\visual studio 2015\projects\raytracingrenderer\debug\raytracingrenderer.pdb
c:\users\curtis\documents\visual studio 2015\projects\raytracingrenderer\raytracingrenderer\debug\raytraci.708f6b02.tlog\cl.command.1.tlog
c:\users\curtis\documents\visual studio 2015\projects\raytracingrenderer\raytracingrenderer\debug\raytraci.708f6b02.tlog\cl.read.1.tlog
c:\users\curtis\documents\visual studio 2015\projects\raytracingrenderer\raytracingrenderer\debug\raytraci.708f6b02.tlog\cl.write.1.tlog
c:\users\curtis\documents\visual studio 2015\projects\raytracingrenderer\raytracingrenderer\debug\raytraci.708f6b02.tlog\link.command.1.tlog
c:\users\curtis\documents\visual studio 2015\projects\raytracingrenderer\raytracingrenderer\debug\raytraci.708f6b02.tlog\link.read.1.tlog
c:\users\curtis\documents\visual studio 2015\projects\raytracingrenderer\raytracingrenderer\debug\raytraci.708f6b02.tlog\link.write.1.tlog
